<?xml version="1.0" encoding="UTF-8"?>
<testsuite xmlns:xsi="http://www.w3.org/2001/XMLSchema-instance" xsi:noNamespaceSchemaLocation="https://maven.apache.org/surefire/maven-surefire-plugin/xsd/surefire-test-report.xsd" name="pl.edu.wszib.edoctor.services.impl.UserServiceImplTest" time="0" tests="1" errors="1" skipped="0" failures="0">
  <properties>
    <property name="java.specification.version" value="15"/>
    <property name="sun.cpu.isalist" value="amd64"/>
    <property name="sun.jnu.encoding" value="Cp1250"/>
    <property name="java.class.path" value="D:\DOKUMENTY\STUDIA\Praca inżynierska\edoctor\target\test-classes;D:\DOKUMENTY\STUDIA\Praca inżynierska\edoctor\target\classes;C:\Users\Tomasz\.m2\repository\org\projectlombok\lombok\1.18.14\lombok-1.18.14.jar;C:\Users\Tomasz\.m2\repository\org\springframework\boot\spring-boot-starter-web\2.3.5.RELEASE\spring-boot-starter-web-2.3.5.RELEASE.jar;C:\Users\Tomasz\.m2\repository\org\springframework\boot\spring-boot-starter\2.3.5.RELEASE\spring-boot-starter-2.3.5.RELEASE.jar;C:\Users\Tomasz\.m2\repository\org\springframework\boot\spring-boot\2.3.5.RELEASE\spring-boot-2.3.5.RELEASE.jar;C:\Users\Tomasz\.m2\repository\org\springframework\boot\spring-boot-autoconfigure\2.3.5.RELEASE\spring-boot-autoconfigure-2.3.5.RELEASE.jar;C:\Users\Tomasz\.m2\repository\org\springframework\boot\spring-boot-starter-logging\2.3.5.RELEASE\spring-boot-starter-logging-2.3.5.RELEASE.jar;C:\Users\Tomasz\.m2\repository\org\apache\logging\log4j\log4j-to-slf4j\2.13.3\log4j-to-slf4j-2.13.3.jar;C:\Users\Tomasz\.m2\repository\org\apache\logging\log4j\log4j-api\2.13.3\log4j-api-2.13.3.jar;C:\Users\Tomasz\.m2\repository\org\slf4j\jul-to-slf4j\1.7.30\jul-to-slf4j-1.7.30.jar;C:\Users\Tomasz\.m2\repository\jakarta\annotation\jakarta.annotation-api\1.3.5\jakarta.annotation-api-1.3.5.jar;C:\Users\Tomasz\.m2\repository\org\yaml\snakeyaml\1.26\snakeyaml-1.26.jar;C:\Users\Tomasz\.m2\repository\org\springframework\boot\spring-boot-starter-json\2.3.5.RELEASE\spring-boot-starter-json-2.3.5.RELEASE.jar;C:\Users\Tomasz\.m2\repository\com\fasterxml\jackson\datatype\jackson-datatype-jdk8\2.11.3\jackson-datatype-jdk8-2.11.3.jar;C:\Users\Tomasz\.m2\repository\com\fasterxml\jackson\datatype\jackson-datatype-jsr310\2.11.3\jackson-datatype-jsr310-2.11.3.jar;C:\Users\Tomasz\.m2\repository\com\fasterxml\jackson\module\jackson-module-parameter-names\2.11.3\jackson-module-parameter-names-2.11.3.jar;C:\Users\Tomasz\.m2\repository\org\springframework\boot\spring-boot-starter-tomcat\2.3.5.RELEASE\spring-boot-starter-tomcat-2.3.5.RELEASE.jar;C:\Users\Tomasz\.m2\repository\org\apache\tomcat\embed\tomcat-embed-core\9.0.39\tomcat-embed-core-9.0.39.jar;C:\Users\Tomasz\.m2\repository\org\glassfish\jakarta.el\3.0.3\jakarta.el-3.0.3.jar;C:\Users\Tomasz\.m2\repository\org\apache\tomcat\embed\tomcat-embed-websocket\9.0.39\tomcat-embed-websocket-9.0.39.jar;C:\Users\Tomasz\.m2\repository\org\springframework\spring-webmvc\5.2.10.RELEASE\spring-webmvc-5.2.10.RELEASE.jar;C:\Users\Tomasz\.m2\repository\org\springframework\boot\spring-boot-starter-thymeleaf\2.3.5.RELEASE\spring-boot-starter-thymeleaf-2.3.5.RELEASE.jar;C:\Users\Tomasz\.m2\repository\org\thymeleaf\thymeleaf-spring5\3.0.11.RELEASE\thymeleaf-spring5-3.0.11.RELEASE.jar;C:\Users\Tomasz\.m2\repository\org\thymeleaf\thymeleaf\3.0.11.RELEASE\thymeleaf-3.0.11.RELEASE.jar;C:\Users\Tomasz\.m2\repository\org\attoparser\attoparser\2.0.5.RELEASE\attoparser-2.0.5.RELEASE.jar;C:\Users\Tomasz\.m2\repository\org\unbescape\unbescape\1.1.6.RELEASE\unbescape-1.1.6.RELEASE.jar;C:\Users\Tomasz\.m2\repository\org\thymeleaf\extras\thymeleaf-extras-java8time\3.0.4.RELEASE\thymeleaf-extras-java8time-3.0.4.RELEASE.jar;C:\Users\Tomasz\.m2\repository\mysql\mysql-connector-java\8.0.22\mysql-connector-java-8.0.22.jar;C:\Users\Tomasz\.m2\repository\org\hibernate\hibernate-core\5.4.26.Final\hibernate-core-5.4.26.Final.jar;C:\Users\Tomasz\.m2\repository\org\jboss\logging\jboss-logging\3.4.1.Final\jboss-logging-3.4.1.Final.jar;C:\Users\Tomasz\.m2\repository\javax\persistence\javax.persistence-api\2.2\javax.persistence-api-2.2.jar;C:\Users\Tomasz\.m2\repository\org\javassist\javassist\3.27.0-GA\javassist-3.27.0-GA.jar;C:\Users\Tomasz\.m2\repository\net\bytebuddy\byte-buddy\1.10.17\byte-buddy-1.10.17.jar;C:\Users\Tomasz\.m2\repository\antlr\antlr\2.7.7\antlr-2.7.7.jar;C:\Users\Tomasz\.m2\repository\org\jboss\spec\javax\transaction\jboss-transaction-api_1.2_spec\1.1.1.Final\jboss-transaction-api_1.2_spec-1.1.1.Final.jar;C:\Users\Tomasz\.m2\repository\org\jboss\jandex\2.1.3.Final\jandex-2.1.3.Final.jar;C:\Users\Tomasz\.m2\repository\com\fasterxml\classmate\1.5.1\classmate-1.5.1.jar;C:\Users\Tomasz\.m2\repository\javax\activation\javax.activation-api\1.2.0\javax.activation-api-1.2.0.jar;C:\Users\Tomasz\.m2\repository\org\dom4j\dom4j\2.1.3\dom4j-2.1.3.jar;C:\Users\Tomasz\.m2\repository\org\hibernate\common\hibernate-commons-annotations\5.1.2.Final\hibernate-commons-annotations-5.1.2.Final.jar;C:\Users\Tomasz\.m2\repository\javax\xml\bind\jaxb-api\2.3.1\jaxb-api-2.3.1.jar;C:\Users\Tomasz\.m2\repository\org\glassfish\jaxb\jaxb-runtime\2.3.3\jaxb-runtime-2.3.3.jar;C:\Users\Tomasz\.m2\repository\org\glassfish\jaxb\txw2\2.3.3\txw2-2.3.3.jar;C:\Users\Tomasz\.m2\repository\com\sun\istack\istack-commons-runtime\3.0.11\istack-commons-runtime-3.0.11.jar;C:\Users\Tomasz\.m2\repository\com\sun\activation\jakarta.activation\1.2.2\jakarta.activation-1.2.2.jar;C:\Users\Tomasz\.m2\repository\com\h2database\h2\1.4.200\h2-1.4.200.jar;C:\Users\Tomasz\.m2\repository\junit\junit\4.13.1\junit-4.13.1.jar;C:\Users\Tomasz\.m2\repository\org\hamcrest\hamcrest-core\2.2\hamcrest-core-2.2.jar;C:\Users\Tomasz\.m2\repository\org\springframework\spring-test\5.2.12.RELEASE\spring-test-5.2.12.RELEASE.jar;C:\Users\Tomasz\.m2\repository\org\springframework\spring-core\5.2.10.RELEASE\spring-core-5.2.10.RELEASE.jar;C:\Users\Tomasz\.m2\repository\org\springframework\spring-jcl\5.2.10.RELEASE\spring-jcl-5.2.10.RELEASE.jar;C:\Users\Tomasz\.m2\repository\org\springframework\boot\spring-boot-starter-test\2.3.8.RELEASE\spring-boot-starter-test-2.3.8.RELEASE.jar;C:\Users\Tomasz\.m2\repository\org\springframework\boot\spring-boot-test\2.3.5.RELEASE\spring-boot-test-2.3.5.RELEASE.jar;C:\Users\Tomasz\.m2\repository\org\springframework\boot\spring-boot-test-autoconfigure\2.3.5.RELEASE\spring-boot-test-autoconfigure-2.3.5.RELEASE.jar;C:\Users\Tomasz\.m2\repository\com\jayway\jsonpath\json-path\2.4.0\json-path-2.4.0.jar;C:\Users\Tomasz\.m2\repository\net\minidev\json-smart\2.3\json-smart-2.3.jar;C:\Users\Tomasz\.m2\repository\net\minidev\accessors-smart\1.2\accessors-smart-1.2.jar;C:\Users\Tomasz\.m2\repository\org\ow2\asm\asm\5.0.4\asm-5.0.4.jar;C:\Users\Tomasz\.m2\repository\jakarta\xml\bind\jakarta.xml.bind-api\2.3.3\jakarta.xml.bind-api-2.3.3.jar;C:\Users\Tomasz\.m2\repository\jakarta\activation\jakarta.activation-api\1.2.2\jakarta.activation-api-1.2.2.jar;C:\Users\Tomasz\.m2\repository\org\assertj\assertj-core\3.16.1\assertj-core-3.16.1.jar;C:\Users\Tomasz\.m2\repository\org\hamcrest\hamcrest\2.2\hamcrest-2.2.jar;C:\Users\Tomasz\.m2\repository\org\junit\jupiter\junit-jupiter\5.6.3\junit-jupiter-5.6.3.jar;C:\Users\Tomasz\.m2\repository\org\junit\jupiter\junit-jupiter-api\5.6.3\junit-jupiter-api-5.6.3.jar;C:\Users\Tomasz\.m2\repository\org\opentest4j\opentest4j\1.2.0\opentest4j-1.2.0.jar;C:\Users\Tomasz\.m2\repository\org\junit\platform\junit-platform-commons\1.6.3\junit-platform-commons-1.6.3.jar;C:\Users\Tomasz\.m2\repository\org\junit\jupiter\junit-jupiter-params\5.6.3\junit-jupiter-params-5.6.3.jar;C:\Users\Tomasz\.m2\repository\org\junit\jupiter\junit-jupiter-engine\5.6.3\junit-jupiter-engine-5.6.3.jar;C:\Users\Tomasz\.m2\repository\org\junit\vintage\junit-vintage-engine\5.6.3\junit-vintage-engine-5.6.3.jar;C:\Users\Tomasz\.m2\repository\org\apiguardian\apiguardian-api\1.1.0\apiguardian-api-1.1.0.jar;C:\Users\Tomasz\.m2\repository\org\junit\platform\junit-platform-engine\1.6.3\junit-platform-engine-1.6.3.jar;C:\Users\Tomasz\.m2\repository\org\mockito\mockito-junit-jupiter\3.3.3\mockito-junit-jupiter-3.3.3.jar;C:\Users\Tomasz\.m2\repository\org\skyscreamer\jsonassert\1.5.0\jsonassert-1.5.0.jar;C:\Users\Tomasz\.m2\repository\com\vaadin\external\google\android-json\0.0.20131108.vaadin1\android-json-0.0.20131108.vaadin1.jar;C:\Users\Tomasz\.m2\repository\org\xmlunit\xmlunit-core\2.7.0\xmlunit-core-2.7.0.jar;C:\Users\Tomasz\.m2\repository\org\mockito\mockito-core\3.6.28\mockito-core-3.6.28.jar;C:\Users\Tomasz\.m2\repository\net\bytebuddy\byte-buddy-agent\1.10.17\byte-buddy-agent-1.10.17.jar;C:\Users\Tomasz\.m2\repository\org\objenesis\objenesis\3.1\objenesis-3.1.jar;C:\Users\Tomasz\.m2\repository\org\springframework\spring-web\5.2.12.RELEASE\spring-web-5.2.12.RELEASE.jar;C:\Users\Tomasz\.m2\repository\org\springframework\spring-beans\5.2.10.RELEASE\spring-beans-5.2.10.RELEASE.jar;C:\Users\Tomasz\.m2\repository\org\springframework\security\spring-security-core\5.1.5.RELEASE\spring-security-core-5.1.5.RELEASE.jar;C:\Users\Tomasz\.m2\repository\org\springframework\spring-aop\5.2.10.RELEASE\spring-aop-5.2.10.RELEASE.jar;C:\Users\Tomasz\.m2\repository\org\springframework\spring-context\5.2.10.RELEASE\spring-context-5.2.10.RELEASE.jar;C:\Users\Tomasz\.m2\repository\org\springframework\spring-expression\5.2.10.RELEASE\spring-expression-5.2.10.RELEASE.jar;C:\Users\Tomasz\.m2\repository\javax\validation\validation-api\2.0.1.Final\validation-api-2.0.1.Final.jar;C:\Users\Tomasz\.m2\repository\org\springframework\data\spring-data-jpa\2.4.8\spring-data-jpa-2.4.8.jar;C:\Users\Tomasz\.m2\repository\org\springframework\data\spring-data-commons\2.3.5.RELEASE\spring-data-commons-2.3.5.RELEASE.jar;C:\Users\Tomasz\.m2\repository\org\springframework\spring-orm\5.2.10.RELEASE\spring-orm-5.2.10.RELEASE.jar;C:\Users\Tomasz\.m2\repository\org\springframework\spring-jdbc\5.2.10.RELEASE\spring-jdbc-5.2.10.RELEASE.jar;C:\Users\Tomasz\.m2\repository\org\springframework\spring-tx\5.2.10.RELEASE\spring-tx-5.2.10.RELEASE.jar;C:\Users\Tomasz\.m2\repository\org\aspectj\aspectjrt\1.9.6\aspectjrt-1.9.6.jar;C:\Users\Tomasz\.m2\repository\org\slf4j\slf4j-api\1.7.30\slf4j-api-1.7.30.jar;C:\Users\Tomasz\.m2\repository\com\sun\mail\javax.mail\1.6.2\javax.mail-1.6.2.jar;C:\Users\Tomasz\.m2\repository\javax\activation\activation\1.1\activation-1.1.jar;C:\Users\Tomasz\.m2\repository\com\lazerycode\jmeter\jmeter-maven-plugin\3.1.2\jmeter-maven-plugin-3.1.2.jar;C:\Users\Tomasz\.m2\repository\org\apache\maven\maven-plugin-api\3.5.2\maven-plugin-api-3.5.2.jar;C:\Users\Tomasz\.m2\repository\org\apache\maven\maven-model\3.5.2\maven-model-3.5.2.jar;C:\Users\Tomasz\.m2\repository\org\apache\maven\maven-artifact\3.5.2\maven-artifact-3.5.2.jar;C:\Users\Tomasz\.m2\repository\org\eclipse\sisu\org.eclipse.sisu.plexus\0.3.3\org.eclipse.sisu.plexus-0.3.3.jar;C:\Users\Tomasz\.m2\repository\javax\enterprise\cdi-api\1.0\cdi-api-1.0.jar;C:\Users\Tomasz\.m2\repository\javax\annotation\jsr250-api\1.0\jsr250-api-1.0.jar;C:\Users\Tomasz\.m2\repository\org\codehaus\plexus\plexus-utils\3.1.0\plexus-utils-3.1.0.jar;C:\Users\Tomasz\.m2\repository\org\codehaus\plexus\plexus-classworlds\2.5.2\plexus-classworlds-2.5.2.jar;C:\Users\Tomasz\.m2\repository\org\apache\maven\maven-core\3.5.2\maven-core-3.5.2.jar;C:\Users\Tomasz\.m2\repository\org\apache\maven\maven-settings\3.5.2\maven-settings-3.5.2.jar;C:\Users\Tomasz\.m2\repository\org\apache\maven\maven-settings-builder\3.5.2\maven-settings-builder-3.5.2.jar;C:\Users\Tomasz\.m2\repository\org\codehaus\plexus\plexus-interpolation\1.24\plexus-interpolation-1.24.jar;C:\Users\Tomasz\.m2\repository\org\sonatype\plexus\plexus-sec-dispatcher\1.4\plexus-sec-dispatcher-1.4.jar;C:\Users\Tomasz\.m2\repository\org\sonatype\plexus\plexus-cipher\1.4\plexus-cipher-1.4.jar;C:\Users\Tomasz\.m2\repository\org\apache\maven\maven-builder-support\3.5.2\maven-builder-support-3.5.2.jar;C:\Users\Tomasz\.m2\repository\org\apache\maven\maven-repository-metadata\3.5.2\maven-repository-metadata-3.5.2.jar;C:\Users\Tomasz\.m2\repository\org\apache\maven\maven-model-builder\3.5.2\maven-model-builder-3.5.2.jar;C:\Users\Tomasz\.m2\repository\org\apache\maven\maven-resolver-provider\3.5.2\maven-resolver-provider-3.5.2.jar;C:\Users\Tomasz\.m2\repository\org\apache\maven\resolver\maven-resolver-impl\1.1.0\maven-resolver-impl-1.1.0.jar;C:\Users\Tomasz\.m2\repository\org\apache\maven\resolver\maven-resolver-spi\1.1.0\maven-resolver-spi-1.1.0.jar;C:\Users\Tomasz\.m2\repository\org\apache\maven\resolver\maven-resolver-util\1.1.0\maven-resolver-util-1.1.0.jar;C:\Users\Tomasz\.m2\repository\org\apache\maven\shared\maven-shared-utils\3.1.0\maven-shared-utils-3.1.0.jar;C:\Users\Tomasz\.m2\repository\org\eclipse\sisu\org.eclipse.sisu.inject\0.3.3\org.eclipse.sisu.inject-0.3.3.jar;C:\Users\Tomasz\.m2\repository\com\google\inject\guice\4.0\guice-4.0-no_aop.jar;C:\Users\Tomasz\.m2\repository\aopalliance\aopalliance\1.0\aopalliance-1.0.jar;C:\Users\Tomasz\.m2\repository\com\google\guava\guava\20.0\guava-20.0.jar;C:\Users\Tomasz\.m2\repository\javax\inject\javax.inject\1\javax.inject-1.jar;C:\Users\Tomasz\.m2\repository\org\codehaus\plexus\plexus-component-annotations\1.7.1\plexus-component-annotations-1.7.1.jar;C:\Users\Tomasz\.m2\repository\org\apache\commons\commons-lang3\3.10\commons-lang3-3.10.jar;C:\Users\Tomasz\.m2\repository\org\apache\maven\resolver\maven-resolver-api\1.4.2\maven-resolver-api-1.4.2.jar;C:\Users\Tomasz\.m2\repository\commons-io\commons-io\2.6\commons-io-2.6.jar;C:\Users\Tomasz\.m2\repository\com\fasterxml\jackson\core\jackson-core\2.11.3\jackson-core-2.11.3.jar;C:\Users\Tomasz\.m2\repository\com\fasterxml\jackson\core\jackson-databind\2.11.3\jackson-databind-2.11.3.jar;C:\Users\Tomasz\.m2\repository\com\fasterxml\jackson\core\jackson-annotations\2.11.3\jackson-annotations-2.11.3.jar;C:\Users\Tomasz\.m2\repository\com\fasterxml\jackson\dataformat\jackson-dataformat-csv\2.11.3\jackson-dataformat-csv-2.11.3.jar;C:\Users\Tomasz\.m2\repository\ch\qos\logback\logback-core\1.2.3\logback-core-1.2.3.jar;C:\Users\Tomasz\.m2\repository\ch\qos\logback\logback-classic\1.2.3\logback-classic-1.2.3.jar;"/>
    <property name="java.vm.vendor" value="Oracle Corporation"/>
    <property name="sun.arch.data.model" value="64"/>
    <property name="user.variant" value=""/>
    <property name="java.vendor.url" value="https://java.oracle.com/"/>
    <property name="user.timezone" value="Europe/Warsaw"/>
    <property name="os.name" value="Windows 10"/>
    <property name="java.vm.specification.version" value="15"/>
    <property name="sun.java.launcher" value="SUN_STANDARD"/>
    <property name="user.country" value="PL"/>
    <property name="sun.boot.library.path" value="C:\Program Files\Java\jdk-15.0.1\bin"/>
    <property name="sun.java.command" value="C:\Users\Tomasz\AppData\Local\Temp\surefire15356540288718352553\surefirebooter13037685475509556848.jar C:\Users\Tomasz\AppData\Local\Temp\surefire15356540288718352553 2022-01-03T12-54-40_475-jvmRun1 surefire2725533749095855879tmp surefire_010284548158289330913tmp"/>
    <property name="jdk.debug" value="release"/>
    <property name="surefire.test.class.path" value="D:\DOKUMENTY\STUDIA\Praca inżynierska\edoctor\target\test-classes;D:\DOKUMENTY\STUDIA\Praca inżynierska\edoctor\target\classes;C:\Users\Tomasz\.m2\repository\org\projectlombok\lombok\1.18.14\lombok-1.18.14.jar;C:\Users\Tomasz\.m2\repository\org\springframework\boot\spring-boot-starter-web\2.3.5.RELEASE\spring-boot-starter-web-2.3.5.RELEASE.jar;C:\Users\Tomasz\.m2\repository\org\springframework\boot\spring-boot-starter\2.3.5.RELEASE\spring-boot-starter-2.3.5.RELEASE.jar;C:\Users\Tomasz\.m2\repository\org\springframework\boot\spring-boot\2.3.5.RELEASE\spring-boot-2.3.5.RELEASE.jar;C:\Users\Tomasz\.m2\repository\org\springframework\boot\spring-boot-autoconfigure\2.3.5.RELEASE\spring-boot-autoconfigure-2.3.5.RELEASE.jar;C:\Users\Tomasz\.m2\repository\org\springframework\boot\spring-boot-starter-logging\2.3.5.RELEASE\spring-boot-starter-logging-2.3.5.RELEASE.jar;C:\Users\Tomasz\.m2\repository\org\apache\logging\log4j\log4j-to-slf4j\2.13.3\log4j-to-slf4j-2.13.3.jar;C:\Users\Tomasz\.m2\repository\org\apache\logging\log4j\log4j-api\2.13.3\log4j-api-2.13.3.jar;C:\Users\Tomasz\.m2\repository\org\slf4j\jul-to-slf4j\1.7.30\jul-to-slf4j-1.7.30.jar;C:\Users\Tomasz\.m2\repository\jakarta\annotation\jakarta.annotation-api\1.3.5\jakarta.annotation-api-1.3.5.jar;C:\Users\Tomasz\.m2\repository\org\yaml\snakeyaml\1.26\snakeyaml-1.26.jar;C:\Users\Tomasz\.m2\repository\org\springframework\boot\spring-boot-starter-json\2.3.5.RELEASE\spring-boot-starter-json-2.3.5.RELEASE.jar;C:\Users\Tomasz\.m2\repository\com\fasterxml\jackson\datatype\jackson-datatype-jdk8\2.11.3\jackson-datatype-jdk8-2.11.3.jar;C:\Users\Tomasz\.m2\repository\com\fasterxml\jackson\datatype\jackson-datatype-jsr310\2.11.3\jackson-datatype-jsr310-2.11.3.jar;C:\Users\Tomasz\.m2\repository\com\fasterxml\jackson\module\jackson-module-parameter-names\2.11.3\jackson-module-parameter-names-2.11.3.jar;C:\Users\Tomasz\.m2\repository\org\springframework\boot\spring-boot-starter-tomcat\2.3.5.RELEASE\spring-boot-starter-tomcat-2.3.5.RELEASE.jar;C:\Users\Tomasz\.m2\repository\org\apache\tomcat\embed\tomcat-embed-core\9.0.39\tomcat-embed-core-9.0.39.jar;C:\Users\Tomasz\.m2\repository\org\glassfish\jakarta.el\3.0.3\jakarta.el-3.0.3.jar;C:\Users\Tomasz\.m2\repository\org\apache\tomcat\embed\tomcat-embed-websocket\9.0.39\tomcat-embed-websocket-9.0.39.jar;C:\Users\Tomasz\.m2\repository\org\springframework\spring-webmvc\5.2.10.RELEASE\spring-webmvc-5.2.10.RELEASE.jar;C:\Users\Tomasz\.m2\repository\org\springframework\boot\spring-boot-starter-thymeleaf\2.3.5.RELEASE\spring-boot-starter-thymeleaf-2.3.5.RELEASE.jar;C:\Users\Tomasz\.m2\repository\org\thymeleaf\thymeleaf-spring5\3.0.11.RELEASE\thymeleaf-spring5-3.0.11.RELEASE.jar;C:\Users\Tomasz\.m2\repository\org\thymeleaf\thymeleaf\3.0.11.RELEASE\thymeleaf-3.0.11.RELEASE.jar;C:\Users\Tomasz\.m2\repository\org\attoparser\attoparser\2.0.5.RELEASE\attoparser-2.0.5.RELEASE.jar;C:\Users\Tomasz\.m2\repository\org\unbescape\unbescape\1.1.6.RELEASE\unbescape-1.1.6.RELEASE.jar;C:\Users\Tomasz\.m2\repository\org\thymeleaf\extras\thymeleaf-extras-java8time\3.0.4.RELEASE\thymeleaf-extras-java8time-3.0.4.RELEASE.jar;C:\Users\Tomasz\.m2\repository\mysql\mysql-connector-java\8.0.22\mysql-connector-java-8.0.22.jar;C:\Users\Tomasz\.m2\repository\org\hibernate\hibernate-core\5.4.26.Final\hibernate-core-5.4.26.Final.jar;C:\Users\Tomasz\.m2\repository\org\jboss\logging\jboss-logging\3.4.1.Final\jboss-logging-3.4.1.Final.jar;C:\Users\Tomasz\.m2\repository\javax\persistence\javax.persistence-api\2.2\javax.persistence-api-2.2.jar;C:\Users\Tomasz\.m2\repository\org\javassist\javassist\3.27.0-GA\javassist-3.27.0-GA.jar;C:\Users\Tomasz\.m2\repository\net\bytebuddy\byte-buddy\1.10.17\byte-buddy-1.10.17.jar;C:\Users\Tomasz\.m2\repository\antlr\antlr\2.7.7\antlr-2.7.7.jar;C:\Users\Tomasz\.m2\repository\org\jboss\spec\javax\transaction\jboss-transaction-api_1.2_spec\1.1.1.Final\jboss-transaction-api_1.2_spec-1.1.1.Final.jar;C:\Users\Tomasz\.m2\repository\org\jboss\jandex\2.1.3.Final\jandex-2.1.3.Final.jar;C:\Users\Tomasz\.m2\repository\com\fasterxml\classmate\1.5.1\classmate-1.5.1.jar;C:\Users\Tomasz\.m2\repository\javax\activation\javax.activation-api\1.2.0\javax.activation-api-1.2.0.jar;C:\Users\Tomasz\.m2\repository\org\dom4j\dom4j\2.1.3\dom4j-2.1.3.jar;C:\Users\Tomasz\.m2\repository\org\hibernate\common\hibernate-commons-annotations\5.1.2.Final\hibernate-commons-annotations-5.1.2.Final.jar;C:\Users\Tomasz\.m2\repository\javax\xml\bind\jaxb-api\2.3.1\jaxb-api-2.3.1.jar;C:\Users\Tomasz\.m2\repository\org\glassfish\jaxb\jaxb-runtime\2.3.3\jaxb-runtime-2.3.3.jar;C:\Users\Tomasz\.m2\repository\org\glassfish\jaxb\txw2\2.3.3\txw2-2.3.3.jar;C:\Users\Tomasz\.m2\repository\com\sun\istack\istack-commons-runtime\3.0.11\istack-commons-runtime-3.0.11.jar;C:\Users\Tomasz\.m2\repository\com\sun\activation\jakarta.activation\1.2.2\jakarta.activation-1.2.2.jar;C:\Users\Tomasz\.m2\repository\com\h2database\h2\1.4.200\h2-1.4.200.jar;C:\Users\Tomasz\.m2\repository\junit\junit\4.13.1\junit-4.13.1.jar;C:\Users\Tomasz\.m2\repository\org\hamcrest\hamcrest-core\2.2\hamcrest-core-2.2.jar;C:\Users\Tomasz\.m2\repository\org\springframework\spring-test\5.2.12.RELEASE\spring-test-5.2.12.RELEASE.jar;C:\Users\Tomasz\.m2\repository\org\springframework\spring-core\5.2.10.RELEASE\spring-core-5.2.10.RELEASE.jar;C:\Users\Tomasz\.m2\repository\org\springframework\spring-jcl\5.2.10.RELEASE\spring-jcl-5.2.10.RELEASE.jar;C:\Users\Tomasz\.m2\repository\org\springframework\boot\spring-boot-starter-test\2.3.8.RELEASE\spring-boot-starter-test-2.3.8.RELEASE.jar;C:\Users\Tomasz\.m2\repository\org\springframework\boot\spring-boot-test\2.3.5.RELEASE\spring-boot-test-2.3.5.RELEASE.jar;C:\Users\Tomasz\.m2\repository\org\springframework\boot\spring-boot-test-autoconfigure\2.3.5.RELEASE\spring-boot-test-autoconfigure-2.3.5.RELEASE.jar;C:\Users\Tomasz\.m2\repository\com\jayway\jsonpath\json-path\2.4.0\json-path-2.4.0.jar;C:\Users\Tomasz\.m2\repository\net\minidev\json-smart\2.3\json-smart-2.3.jar;C:\Users\Tomasz\.m2\repository\net\minidev\accessors-smart\1.2\accessors-smart-1.2.jar;C:\Users\Tomasz\.m2\repository\org\ow2\asm\asm\5.0.4\asm-5.0.4.jar;C:\Users\Tomasz\.m2\repository\jakarta\xml\bind\jakarta.xml.bind-api\2.3.3\jakarta.xml.bind-api-2.3.3.jar;C:\Users\Tomasz\.m2\repository\jakarta\activation\jakarta.activation-api\1.2.2\jakarta.activation-api-1.2.2.jar;C:\Users\Tomasz\.m2\repository\org\assertj\assertj-core\3.16.1\assertj-core-3.16.1.jar;C:\Users\Tomasz\.m2\repository\org\hamcrest\hamcrest\2.2\hamcrest-2.2.jar;C:\Users\Tomasz\.m2\repository\org\junit\jupiter\junit-jupiter\5.6.3\junit-jupiter-5.6.3.jar;C:\Users\Tomasz\.m2\repository\org\junit\jupiter\junit-jupiter-api\5.6.3\junit-jupiter-api-5.6.3.jar;C:\Users\Tomasz\.m2\repository\org\opentest4j\opentest4j\1.2.0\opentest4j-1.2.0.jar;C:\Users\Tomasz\.m2\repository\org\junit\platform\junit-platform-commons\1.6.3\junit-platform-commons-1.6.3.jar;C:\Users\Tomasz\.m2\repository\org\junit\jupiter\junit-jupiter-params\5.6.3\junit-jupiter-params-5.6.3.jar;C:\Users\Tomasz\.m2\repository\org\junit\jupiter\junit-jupiter-engine\5.6.3\junit-jupiter-engine-5.6.3.jar;C:\Users\Tomasz\.m2\repository\org\junit\vintage\junit-vintage-engine\5.6.3\junit-vintage-engine-5.6.3.jar;C:\Users\Tomasz\.m2\repository\org\apiguardian\apiguardian-api\1.1.0\apiguardian-api-1.1.0.jar;C:\Users\Tomasz\.m2\repository\org\junit\platform\junit-platform-engine\1.6.3\junit-platform-engine-1.6.3.jar;C:\Users\Tomasz\.m2\repository\org\mockito\mockito-junit-jupiter\3.3.3\mockito-junit-jupiter-3.3.3.jar;C:\Users\Tomasz\.m2\repository\org\skyscreamer\jsonassert\1.5.0\jsonassert-1.5.0.jar;C:\Users\Tomasz\.m2\repository\com\vaadin\external\google\android-json\0.0.20131108.vaadin1\android-json-0.0.20131108.vaadin1.jar;C:\Users\Tomasz\.m2\repository\org\xmlunit\xmlunit-core\2.7.0\xmlunit-core-2.7.0.jar;C:\Users\Tomasz\.m2\repository\org\mockito\mockito-core\3.6.28\mockito-core-3.6.28.jar;C:\Users\Tomasz\.m2\repository\net\bytebuddy\byte-buddy-agent\1.10.17\byte-buddy-agent-1.10.17.jar;C:\Users\Tomasz\.m2\repository\org\objenesis\objenesis\3.1\objenesis-3.1.jar;C:\Users\Tomasz\.m2\repository\org\springframework\spring-web\5.2.12.RELEASE\spring-web-5.2.12.RELEASE.jar;C:\Users\Tomasz\.m2\repository\org\springframework\spring-beans\5.2.10.RELEASE\spring-beans-5.2.10.RELEASE.jar;C:\Users\Tomasz\.m2\repository\org\springframework\security\spring-security-core\5.1.5.RELEASE\spring-security-core-5.1.5.RELEASE.jar;C:\Users\Tomasz\.m2\repository\org\springframework\spring-aop\5.2.10.RELEASE\spring-aop-5.2.10.RELEASE.jar;C:\Users\Tomasz\.m2\repository\org\springframework\spring-context\5.2.10.RELEASE\spring-context-5.2.10.RELEASE.jar;C:\Users\Tomasz\.m2\repository\org\springframework\spring-expression\5.2.10.RELEASE\spring-expression-5.2.10.RELEASE.jar;C:\Users\Tomasz\.m2\repository\javax\validation\validation-api\2.0.1.Final\validation-api-2.0.1.Final.jar;C:\Users\Tomasz\.m2\repository\org\springframework\data\spring-data-jpa\2.4.8\spring-data-jpa-2.4.8.jar;C:\Users\Tomasz\.m2\repository\org\springframework\data\spring-data-commons\2.3.5.RELEASE\spring-data-commons-2.3.5.RELEASE.jar;C:\Users\Tomasz\.m2\repository\org\springframework\spring-orm\5.2.10.RELEASE\spring-orm-5.2.10.RELEASE.jar;C:\Users\Tomasz\.m2\repository\org\springframework\spring-jdbc\5.2.10.RELEASE\spring-jdbc-5.2.10.RELEASE.jar;C:\Users\Tomasz\.m2\repository\org\springframework\spring-tx\5.2.10.RELEASE\spring-tx-5.2.10.RELEASE.jar;C:\Users\Tomasz\.m2\repository\org\aspectj\aspectjrt\1.9.6\aspectjrt-1.9.6.jar;C:\Users\Tomasz\.m2\repository\org\slf4j\slf4j-api\1.7.30\slf4j-api-1.7.30.jar;C:\Users\Tomasz\.m2\repository\com\sun\mail\javax.mail\1.6.2\javax.mail-1.6.2.jar;C:\Users\Tomasz\.m2\repository\javax\activation\activation\1.1\activation-1.1.jar;C:\Users\Tomasz\.m2\repository\com\lazerycode\jmeter\jmeter-maven-plugin\3.1.2\jmeter-maven-plugin-3.1.2.jar;C:\Users\Tomasz\.m2\repository\org\apache\maven\maven-plugin-api\3.5.2\maven-plugin-api-3.5.2.jar;C:\Users\Tomasz\.m2\repository\org\apache\maven\maven-model\3.5.2\maven-model-3.5.2.jar;C:\Users\Tomasz\.m2\repository\org\apache\maven\maven-artifact\3.5.2\maven-artifact-3.5.2.jar;C:\Users\Tomasz\.m2\repository\org\eclipse\sisu\org.eclipse.sisu.plexus\0.3.3\org.eclipse.sisu.plexus-0.3.3.jar;C:\Users\Tomasz\.m2\repository\javax\enterprise\cdi-api\1.0\cdi-api-1.0.jar;C:\Users\Tomasz\.m2\repository\javax\annotation\jsr250-api\1.0\jsr250-api-1.0.jar;C:\Users\Tomasz\.m2\repository\org\codehaus\plexus\plexus-utils\3.1.0\plexus-utils-3.1.0.jar;C:\Users\Tomasz\.m2\repository\org\codehaus\plexus\plexus-classworlds\2.5.2\plexus-classworlds-2.5.2.jar;C:\Users\Tomasz\.m2\repository\org\apache\maven\maven-core\3.5.2\maven-core-3.5.2.jar;C:\Users\Tomasz\.m2\repository\org\apache\maven\maven-settings\3.5.2\maven-settings-3.5.2.jar;C:\Users\Tomasz\.m2\repository\org\apache\maven\maven-settings-builder\3.5.2\maven-settings-builder-3.5.2.jar;C:\Users\Tomasz\.m2\repository\org\codehaus\plexus\plexus-interpolation\1.24\plexus-interpolation-1.24.jar;C:\Users\Tomasz\.m2\repository\org\sonatype\plexus\plexus-sec-dispatcher\1.4\plexus-sec-dispatcher-1.4.jar;C:\Users\Tomasz\.m2\repository\org\sonatype\plexus\plexus-cipher\1.4\plexus-cipher-1.4.jar;C:\Users\Tomasz\.m2\repository\org\apache\maven\maven-builder-support\3.5.2\maven-builder-support-3.5.2.jar;C:\Users\Tomasz\.m2\repository\org\apache\maven\maven-repository-metadata\3.5.2\maven-repository-metadata-3.5.2.jar;C:\Users\Tomasz\.m2\repository\org\apache\maven\maven-model-builder\3.5.2\maven-model-builder-3.5.2.jar;C:\Users\Tomasz\.m2\repository\org\apache\maven\maven-resolver-provider\3.5.2\maven-resolver-provider-3.5.2.jar;C:\Users\Tomasz\.m2\repository\org\apache\maven\resolver\maven-resolver-impl\1.1.0\maven-resolver-impl-1.1.0.jar;C:\Users\Tomasz\.m2\repository\org\apache\maven\resolver\maven-resolver-spi\1.1.0\maven-resolver-spi-1.1.0.jar;C:\Users\Tomasz\.m2\repository\org\apache\maven\resolver\maven-resolver-util\1.1.0\maven-resolver-util-1.1.0.jar;C:\Users\Tomasz\.m2\repository\org\apache\maven\shared\maven-shared-utils\3.1.0\maven-shared-utils-3.1.0.jar;C:\Users\Tomasz\.m2\repository\org\eclipse\sisu\org.eclipse.sisu.inject\0.3.3\org.eclipse.sisu.inject-0.3.3.jar;C:\Users\Tomasz\.m2\repository\com\google\inject\guice\4.0\guice-4.0-no_aop.jar;C:\Users\Tomasz\.m2\repository\aopalliance\aopalliance\1.0\aopalliance-1.0.jar;C:\Users\Tomasz\.m2\repository\com\google\guava\guava\20.0\guava-20.0.jar;C:\Users\Tomasz\.m2\repository\javax\inject\javax.inject\1\javax.inject-1.jar;C:\Users\Tomasz\.m2\repository\org\codehaus\plexus\plexus-component-annotations\1.7.1\plexus-component-annotations-1.7.1.jar;C:\Users\Tomasz\.m2\repository\org\apache\commons\commons-lang3\3.10\commons-lang3-3.10.jar;C:\Users\Tomasz\.m2\repository\org\apache\maven\resolver\maven-resolver-api\1.4.2\maven-resolver-api-1.4.2.jar;C:\Users\Tomasz\.m2\repository\commons-io\commons-io\2.6\commons-io-2.6.jar;C:\Users\Tomasz\.m2\repository\com\fasterxml\jackson\core\jackson-core\2.11.3\jackson-core-2.11.3.jar;C:\Users\Tomasz\.m2\repository\com\fasterxml\jackson\core\jackson-databind\2.11.3\jackson-databind-2.11.3.jar;C:\Users\Tomasz\.m2\repository\com\fasterxml\jackson\core\jackson-annotations\2.11.3\jackson-annotations-2.11.3.jar;C:\Users\Tomasz\.m2\repository\com\fasterxml\jackson\dataformat\jackson-dataformat-csv\2.11.3\jackson-dataformat-csv-2.11.3.jar;C:\Users\Tomasz\.m2\repository\ch\qos\logback\logback-core\1.2.3\logback-core-1.2.3.jar;C:\Users\Tomasz\.m2\repository\ch\qos\logback\logback-classic\1.2.3\logback-classic-1.2.3.jar;"/>
    <property name="sun.cpu.endian" value="little"/>
    <property name="user.home" value="C:\Users\Tomasz"/>
    <property name="user.language" value="pl"/>
    <property name="java.specification.vendor" value="Oracle Corporation"/>
    <property name="java.version.date" value="2020-10-20"/>
    <property name="java.home" value="C:\Program Files\Java\jdk-15.0.1"/>
    <property name="file.separator" value="\"/>
    <property name="basedir" value="D:\DOKUMENTY\STUDIA\Praca inżynierska\edoctor"/>
    <property name="java.vm.compressedOopsMode" value="Zero based"/>
    <property name="line.separator" value="&#10;"/>
    <property name="java.vm.specification.vendor" value="Oracle Corporation"/>
    <property name="java.specification.name" value="Java Platform API Specification"/>
    <property name="surefire.real.class.path" value="C:\Users\Tomasz\AppData\Local\Temp\surefire15356540288718352553\surefirebooter13037685475509556848.jar"/>
    <property name="user.script" value=""/>
    <property name="sun.management.compiler" value="HotSpot 64-Bit Tiered Compilers"/>
    <property name="java.runtime.version" value="15.0.1+9-18"/>
    <property name="user.name" value="Tomasz"/>
    <property name="path.separator" value=";"/>
    <property name="os.version" value="10.0"/>
    <property name="java.runtime.name" value="Java(TM) SE Runtime Environment"/>
    <property name="file.encoding" value="Cp1250"/>
    <property name="java.vm.name" value="Java HotSpot(TM) 64-Bit Server VM"/>
    <property name="localRepository" value="C:\Users\Tomasz\.m2\repository"/>
    <property name="java.vendor.url.bug" value="https://bugreport.java.com/bugreport/"/>
    <property name="java.io.tmpdir" value="C:\Users\Tomasz\AppData\Local\Temp\"/>
    <property name="idea.version" value="2021.3"/>
    <property name="java.version" value="15.0.1"/>
    <property name="user.dir" value="D:\DOKUMENTY\STUDIA\Praca inżynierska\edoctor"/>
    <property name="os.arch" value="amd64"/>
    <property name="java.vm.specification.name" value="Java Virtual Machine Specification"/>
    <property name="sun.os.patch.level" value=""/>
    <property name="java.library.path" value="C:\Program Files\Java\jdk-15.0.1\bin;C:\Windows\Sun\Java\bin;C:\Windows\system32;C:\Windows;C:\Program Files\Common Files\Oracle\Java\javapath;C:\Program Files (x86)\Common Files\Oracle\Java\javapath;C:\Windows\system32;C:\Windows;C:\Windows\System32\Wbem;C:\Windows\System32\WindowsPowerShell\v1.0\;C:\Windows\System32\OpenSSH\;C:\Program Files (x86)\NVIDIA Corporation\PhysX\Common;C:\Program Files\NVIDIA Corporation\NVIDIA NvDLISR;C:\Program Files\Git\cmd;C:\apache-ant-1.9.16\bin;C:\Program Files\Common Files\Oracle\Java\javapath;C:\Program Files (x86)\Common Files\Oracle\Java\javapath;C:\Windows\system32;C:\Windows;C:\Windows\System32\Wbem;C:\Windows\System32\WindowsPowerShell\v1.0\;C:\Windows\System32\OpenSSH\;C:\Program Files (x86)\NVIDIA Corporation\PhysX\Common;C:\Program Files\NVIDIA Corporation\NVIDIA NvDLISR;C:\Program Files\Git\cmd;C:\Users\Tomasz\AppData\Local\Microsoft\WindowsApps;C:\MinGW\bin;C:\Program Files\Java\jdk-15.0.1\bin;C:\Program Files\JetBrains\IntelliJ IDEA Community Edition 2020.2.1\bin;C:\Program Files\JetBrains\IntelliJ IDEA 2020.2.3\bin;C:\Program Files\Azure Data Studio\bin;C:\Program Files\Azure Data Studio\bin;C:\Program Files\Azure Data Studio\bin;C:\Users\Tomasz\AppData\Local\Programs\Microsoft VS Code\bin;C:\apache-ant-1.9.16\bin;;."/>
    <property name="java.vm.info" value="mixed mode, sharing"/>
    <property name="java.vendor" value="Oracle Corporation"/>
    <property name="java.vm.version" value="15.0.1+9-18"/>
    <property name="sun.io.unicode.encoding" value="UnicodeLittle"/>
    <property name="java.class.version" value="59.0"/>
  </properties>
  <testcase name="correctAuthenticationTest" classname="pl.edu.wszib.edoctor.services.impl.UserServiceImplTest" time="0.024">
    <error message="Cannot invoke &quot;pl.edu.wszib.edoctor.services.IUserService.authenticate(pl.edu.wszib.edoctor.model.User)&quot; because &quot;this.userService&quot; is null" type="java.lang.NullPointerException">java.lang.NullPointerException: Cannot invoke "pl.edu.wszib.edoctor.services.IUserService.authenticate(pl.edu.wszib.edoctor.model.User)" because "this.userService" is null
	at pl.edu.wszib.edoctor.services.impl.UserServiceImplTest.correctAuthenticationTest(UserServiceImplTest.java:63)
</error>
  </testcase>
  <testcase name="incorrectPassTest" classname="pl.edu.wszib.edoctor.services.impl.UserServiceImplTest" time="0">
    <error message="Cannot invoke &quot;pl.edu.wszib.edoctor.services.IUserService.authenticate(pl.edu.wszib.edoctor.model.User)&quot; because &quot;this.userService&quot; is null" type="java.lang.NullPointerException">java.lang.NullPointerException: Cannot invoke "pl.edu.wszib.edoctor.services.IUserService.authenticate(pl.edu.wszib.edoctor.model.User)" because "this.userService" is null
	at pl.edu.wszib.edoctor.services.impl.UserServiceImplTest.incorrectPassTest(UserServiceImplTest.java:85)
</error>
  </testcase>
  <testcase name="incorrectAuthenticationTest" classname="pl.edu.wszib.edoctor.services.impl.UserServiceImplTest" time="0.001">
    <error message="Cannot invoke &quot;pl.edu.wszib.edoctor.services.IUserService.authenticate(pl.edu.wszib.edoctor.model.User)&quot; because &quot;this.userService&quot; is null" type="java.lang.NullPointerException">java.lang.NullPointerException: Cannot invoke "pl.edu.wszib.edoctor.services.IUserService.authenticate(pl.edu.wszib.edoctor.model.User)" because "this.userService" is null
	at pl.edu.wszib.edoctor.services.impl.UserServiceImplTest.incorrectAuthenticationTest(UserServiceImplTest.java:74)
</error>
  </testcase>
  <testcase name="initializationError" classname="pl.edu.wszib.edoctor.services.impl.UserServiceImplTest" time="0">
    <error message="Invalid test class &apos;pl.edu.wszib.edoctor.services.impl.UserServiceImplTest&apos;:&#10;  1. No runnable methods" type="org.junit.runners.model.InvalidTestClassError">org.junit.runners.model.InvalidTestClassError: 
Invalid test class 'pl.edu.wszib.edoctor.services.impl.UserServiceImplTest':
  1. No runnable methods
</error>
  </testcase>
</testsuite>